<?xml version="1.0" encoding="UTF-8"?>
<!-- Generated by org.testng.reporters.JUnitReportReporter -->
<testsuite hostname="DESKTOP-V7KOGOI" failures="0" tests="2" name="team.ninja.ds.algo.test.runner.TestRunner" time="5.962" errors="0" timestamp="2023-07-11T10:08:09 CDT" skipped="0">
  <testcase classname="team.ninja.ds.algo.test.runner.TestRunner" name="runScenario" time="0.901"/>
  <system-out/>
  <testcase classname="team.ninja.ds.algo.test.runner.TestRunner" name="runScenario" time="5.061"/>
  <system-out/>
</testsuite> <!-- team.ninja.ds.algo.test.runner.TestRunner -->
